2022-01-04 17:25:26,185 - __main__ - INFO - use 2 gpus
2022-01-04 17:25:26,186 - __main__ - INFO - args: Namespace(accumulation_steps=1, apex=False, batch_size=128, checkpoints='./checkpoints', epochs=100, evaluate=None, input_image_size=256, log='./log', loss_lambda=10, lr=5e-05, milestones=[30, 60, 90], momentum=0.9, network='resnet34', num_classes=2, num_workers=0, pretrained=True, print_interval=100, resume='./checkpoints/latest.pth', seed=0, test='./checkpoints/latest_pc_demo.pth', video_test=None, weight_decay=0.0001)
2022-01-04 17:25:26,186 - __main__ - INFO - start loading data
2022-01-04 17:25:26,502 - __main__ - INFO - finish loading data
2022-01-04 17:25:26,502 - __main__ - INFO - creating model 'resnet34'
2022-01-04 17:25:26,918 - __main__ - INFO - model: 'resnet34', flops: 4.828G, params: 21.417M
2022-01-04 17:25:26,918 - __main__ - INFO - conv1.weight,True
2022-01-04 17:25:26,918 - __main__ - INFO - conv2.weight,True
2022-01-04 17:25:26,918 - __main__ - INFO - conv3.weight,True
2022-01-04 17:25:26,918 - __main__ - INFO - bn1.weight,True
2022-01-04 17:25:26,918 - __main__ - INFO - bn1.bias,True
2022-01-04 17:25:26,918 - __main__ - INFO - layer1.0.conv1.weight,True
2022-01-04 17:25:26,918 - __main__ - INFO - layer1.0.bn1.weight,True
2022-01-04 17:25:26,919 - __main__ - INFO - layer1.0.bn1.bias,True
2022-01-04 17:25:26,919 - __main__ - INFO - layer1.0.conv2.weight,True
2022-01-04 17:25:26,919 - __main__ - INFO - layer1.0.bn2.weight,True
2022-01-04 17:25:26,919 - __main__ - INFO - layer1.0.bn2.bias,True
2022-01-04 17:25:26,919 - __main__ - INFO - layer1.1.conv1.weight,True
2022-01-04 17:25:26,919 - __main__ - INFO - layer1.1.bn1.weight,True
2022-01-04 17:25:26,919 - __main__ - INFO - layer1.1.bn1.bias,True
2022-01-04 17:25:26,919 - __main__ - INFO - layer1.1.conv2.weight,True
2022-01-04 17:25:26,919 - __main__ - INFO - layer1.1.bn2.weight,True
2022-01-04 17:25:26,919 - __main__ - INFO - layer1.1.bn2.bias,True
2022-01-04 17:25:26,919 - __main__ - INFO - layer1.2.conv1.weight,True
2022-01-04 17:25:26,919 - __main__ - INFO - layer1.2.bn1.weight,True
2022-01-04 17:25:26,919 - __main__ - INFO - layer1.2.bn1.bias,True
2022-01-04 17:25:26,919 - __main__ - INFO - layer1.2.conv2.weight,True
2022-01-04 17:25:26,919 - __main__ - INFO - layer1.2.bn2.weight,True
2022-01-04 17:25:26,919 - __main__ - INFO - layer1.2.bn2.bias,True
2022-01-04 17:25:26,919 - __main__ - INFO - layer2.0.conv1.weight,True
2022-01-04 17:25:26,919 - __main__ - INFO - layer2.0.bn1.weight,True
2022-01-04 17:25:26,919 - __main__ - INFO - layer2.0.bn1.bias,True
2022-01-04 17:25:26,919 - __main__ - INFO - layer2.0.conv2.weight,True
2022-01-04 17:25:26,919 - __main__ - INFO - layer2.0.bn2.weight,True
2022-01-04 17:25:26,919 - __main__ - INFO - layer2.0.bn2.bias,True
2022-01-04 17:25:26,919 - __main__ - INFO - layer2.0.downsample.0.weight,True
2022-01-04 17:25:26,919 - __main__ - INFO - layer2.0.downsample.1.weight,True
2022-01-04 17:25:26,919 - __main__ - INFO - layer2.0.downsample.1.bias,True
2022-01-04 17:25:26,919 - __main__ - INFO - layer2.1.conv1.weight,True
2022-01-04 17:25:26,919 - __main__ - INFO - layer2.1.bn1.weight,True
2022-01-04 17:25:26,919 - __main__ - INFO - layer2.1.bn1.bias,True
2022-01-04 17:25:26,919 - __main__ - INFO - layer2.1.conv2.weight,True
2022-01-04 17:25:26,919 - __main__ - INFO - layer2.1.bn2.weight,True
2022-01-04 17:25:26,919 - __main__ - INFO - layer2.1.bn2.bias,True
2022-01-04 17:25:26,919 - __main__ - INFO - layer2.2.conv1.weight,True
2022-01-04 17:25:26,919 - __main__ - INFO - layer2.2.bn1.weight,True
2022-01-04 17:25:26,920 - __main__ - INFO - layer2.2.bn1.bias,True
2022-01-04 17:25:26,920 - __main__ - INFO - layer2.2.conv2.weight,True
2022-01-04 17:25:26,920 - __main__ - INFO - layer2.2.bn2.weight,True
2022-01-04 17:25:26,920 - __main__ - INFO - layer2.2.bn2.bias,True
2022-01-04 17:25:26,920 - __main__ - INFO - layer2.3.conv1.weight,True
2022-01-04 17:25:26,920 - __main__ - INFO - layer2.3.bn1.weight,True
2022-01-04 17:25:26,920 - __main__ - INFO - layer2.3.bn1.bias,True
2022-01-04 17:25:26,920 - __main__ - INFO - layer2.3.conv2.weight,True
2022-01-04 17:25:26,920 - __main__ - INFO - layer2.3.bn2.weight,True
2022-01-04 17:25:26,920 - __main__ - INFO - layer2.3.bn2.bias,True
2022-01-04 17:25:26,920 - __main__ - INFO - layer3.0.conv1.weight,True
2022-01-04 17:25:26,920 - __main__ - INFO - layer3.0.bn1.weight,True
2022-01-04 17:25:26,920 - __main__ - INFO - layer3.0.bn1.bias,True
2022-01-04 17:25:26,920 - __main__ - INFO - layer3.0.conv2.weight,True
2022-01-04 17:25:26,920 - __main__ - INFO - layer3.0.bn2.weight,True
2022-01-04 17:25:26,920 - __main__ - INFO - layer3.0.bn2.bias,True
2022-01-04 17:25:26,920 - __main__ - INFO - layer3.0.downsample.0.weight,True
2022-01-04 17:25:26,920 - __main__ - INFO - layer3.0.downsample.1.weight,True
2022-01-04 17:25:26,920 - __main__ - INFO - layer3.0.downsample.1.bias,True
2022-01-04 17:25:26,920 - __main__ - INFO - layer3.1.conv1.weight,True
2022-01-04 17:25:26,920 - __main__ - INFO - layer3.1.bn1.weight,True
2022-01-04 17:25:26,920 - __main__ - INFO - layer3.1.bn1.bias,True
2022-01-04 17:25:26,920 - __main__ - INFO - layer3.1.conv2.weight,True
2022-01-04 17:25:26,920 - __main__ - INFO - layer3.1.bn2.weight,True
2022-01-04 17:25:26,920 - __main__ - INFO - layer3.1.bn2.bias,True
2022-01-04 17:25:26,920 - __main__ - INFO - layer3.2.conv1.weight,True
2022-01-04 17:25:26,920 - __main__ - INFO - layer3.2.bn1.weight,True
2022-01-04 17:25:26,920 - __main__ - INFO - layer3.2.bn1.bias,True
2022-01-04 17:25:26,920 - __main__ - INFO - layer3.2.conv2.weight,True
2022-01-04 17:25:26,920 - __main__ - INFO - layer3.2.bn2.weight,True
2022-01-04 17:25:26,921 - __main__ - INFO - layer3.2.bn2.bias,True
2022-01-04 17:25:26,921 - __main__ - INFO - layer3.3.conv1.weight,True
2022-01-04 17:25:26,921 - __main__ - INFO - layer3.3.bn1.weight,True
2022-01-04 17:25:26,921 - __main__ - INFO - layer3.3.bn1.bias,True
2022-01-04 17:25:26,921 - __main__ - INFO - layer3.3.conv2.weight,True
2022-01-04 17:25:26,921 - __main__ - INFO - layer3.3.bn2.weight,True
2022-01-04 17:25:26,921 - __main__ - INFO - layer3.3.bn2.bias,True
2022-01-04 17:25:26,921 - __main__ - INFO - layer3.4.conv1.weight,True
2022-01-04 17:25:26,921 - __main__ - INFO - layer3.4.bn1.weight,True
2022-01-04 17:25:26,921 - __main__ - INFO - layer3.4.bn1.bias,True
2022-01-04 17:25:26,921 - __main__ - INFO - layer3.4.conv2.weight,True
2022-01-04 17:25:26,921 - __main__ - INFO - layer3.4.bn2.weight,True
2022-01-04 17:25:26,921 - __main__ - INFO - layer3.4.bn2.bias,True
2022-01-04 17:25:26,921 - __main__ - INFO - layer3.5.conv1.weight,True
2022-01-04 17:25:26,921 - __main__ - INFO - layer3.5.bn1.weight,True
2022-01-04 17:25:26,921 - __main__ - INFO - layer3.5.bn1.bias,True
2022-01-04 17:25:26,921 - __main__ - INFO - layer3.5.conv2.weight,True
2022-01-04 17:25:26,921 - __main__ - INFO - layer3.5.bn2.weight,True
2022-01-04 17:25:26,921 - __main__ - INFO - layer3.5.bn2.bias,True
2022-01-04 17:25:26,921 - __main__ - INFO - layer4.0.conv1.weight,True
2022-01-04 17:25:26,921 - __main__ - INFO - layer4.0.bn1.weight,True
2022-01-04 17:25:26,921 - __main__ - INFO - layer4.0.bn1.bias,True
2022-01-04 17:25:26,921 - __main__ - INFO - layer4.0.conv2.weight,True
2022-01-04 17:25:26,921 - __main__ - INFO - layer4.0.bn2.weight,True
2022-01-04 17:25:26,921 - __main__ - INFO - layer4.0.bn2.bias,True
2022-01-04 17:25:26,921 - __main__ - INFO - layer4.0.downsample.0.weight,True
2022-01-04 17:25:26,921 - __main__ - INFO - layer4.0.downsample.1.weight,True
2022-01-04 17:25:26,921 - __main__ - INFO - layer4.0.downsample.1.bias,True
2022-01-04 17:25:26,921 - __main__ - INFO - layer4.1.conv1.weight,True
2022-01-04 17:25:26,922 - __main__ - INFO - layer4.1.bn1.weight,True
2022-01-04 17:25:26,922 - __main__ - INFO - layer4.1.bn1.bias,True
2022-01-04 17:25:26,922 - __main__ - INFO - layer4.1.conv2.weight,True
2022-01-04 17:25:26,922 - __main__ - INFO - layer4.1.bn2.weight,True
2022-01-04 17:25:26,922 - __main__ - INFO - layer4.1.bn2.bias,True
2022-01-04 17:25:26,922 - __main__ - INFO - layer4.2.conv1.weight,True
2022-01-04 17:25:26,922 - __main__ - INFO - layer4.2.bn1.weight,True
2022-01-04 17:25:26,922 - __main__ - INFO - layer4.2.bn1.bias,True
2022-01-04 17:25:26,922 - __main__ - INFO - layer4.2.conv2.weight,True
2022-01-04 17:25:26,922 - __main__ - INFO - layer4.2.bn2.weight,True
2022-01-04 17:25:26,922 - __main__ - INFO - layer4.2.bn2.bias,True
2022-01-04 17:25:26,922 - __main__ - INFO - fc.weight,True
2022-01-04 17:25:26,922 - __main__ - INFO - fc.bias,True
2022-01-04 17:25:33,488 - __main__ - INFO - use 2 gpus
2022-01-04 17:25:33,488 - __main__ - INFO - args: Namespace(accumulation_steps=1, apex=False, batch_size=128, checkpoints='./checkpoints', epochs=100, evaluate=None, input_image_size=256, log='./log', loss_lambda=10, lr=5e-05, milestones=[30, 60, 90], momentum=0.9, network='resnet34', num_classes=2, num_workers=0, pretrained=True, print_interval=100, resume='./checkpoints/latest.pth', seed=0, test='./checkpoints/latest_pc_demo.pth', video_test=None, weight_decay=0.0001)
2022-01-04 17:25:33,488 - __main__ - INFO - start loading data
2022-01-04 17:25:33,710 - __main__ - INFO - finish loading data
2022-01-04 17:25:33,710 - __main__ - INFO - creating model 'resnet34'
2022-01-04 17:25:34,090 - __main__ - INFO - model: 'resnet34', flops: 4.828G, params: 21.417M
2022-01-04 17:25:34,090 - __main__ - INFO - conv1.weight,True
2022-01-04 17:25:34,090 - __main__ - INFO - conv2.weight,True
2022-01-04 17:25:34,091 - __main__ - INFO - conv3.weight,True
2022-01-04 17:25:34,091 - __main__ - INFO - bn1.weight,True
2022-01-04 17:25:34,091 - __main__ - INFO - bn1.bias,True
2022-01-04 17:25:34,091 - __main__ - INFO - layer1.0.conv1.weight,True
2022-01-04 17:25:34,091 - __main__ - INFO - layer1.0.bn1.weight,True
2022-01-04 17:25:34,091 - __main__ - INFO - layer1.0.bn1.bias,True
2022-01-04 17:25:34,091 - __main__ - INFO - layer1.0.conv2.weight,True
2022-01-04 17:25:34,091 - __main__ - INFO - layer1.0.bn2.weight,True
2022-01-04 17:25:34,091 - __main__ - INFO - layer1.0.bn2.bias,True
2022-01-04 17:25:34,091 - __main__ - INFO - layer1.1.conv1.weight,True
2022-01-04 17:25:34,091 - __main__ - INFO - layer1.1.bn1.weight,True
2022-01-04 17:25:34,091 - __main__ - INFO - layer1.1.bn1.bias,True
2022-01-04 17:25:34,091 - __main__ - INFO - layer1.1.conv2.weight,True
2022-01-04 17:25:34,091 - __main__ - INFO - layer1.1.bn2.weight,True
2022-01-04 17:25:34,091 - __main__ - INFO - layer1.1.bn2.bias,True
2022-01-04 17:25:34,091 - __main__ - INFO - layer1.2.conv1.weight,True
2022-01-04 17:25:34,091 - __main__ - INFO - layer1.2.bn1.weight,True
2022-01-04 17:25:34,091 - __main__ - INFO - layer1.2.bn1.bias,True
2022-01-04 17:25:34,091 - __main__ - INFO - layer1.2.conv2.weight,True
2022-01-04 17:25:34,091 - __main__ - INFO - layer1.2.bn2.weight,True
2022-01-04 17:25:34,091 - __main__ - INFO - layer1.2.bn2.bias,True
2022-01-04 17:25:34,091 - __main__ - INFO - layer2.0.conv1.weight,True
2022-01-04 17:25:34,091 - __main__ - INFO - layer2.0.bn1.weight,True
2022-01-04 17:25:34,091 - __main__ - INFO - layer2.0.bn1.bias,True
2022-01-04 17:25:34,091 - __main__ - INFO - layer2.0.conv2.weight,True
2022-01-04 17:25:34,091 - __main__ - INFO - layer2.0.bn2.weight,True
2022-01-04 17:25:34,091 - __main__ - INFO - layer2.0.bn2.bias,True
2022-01-04 17:25:34,091 - __main__ - INFO - layer2.0.downsample.0.weight,True
2022-01-04 17:25:34,091 - __main__ - INFO - layer2.0.downsample.1.weight,True
2022-01-04 17:25:34,091 - __main__ - INFO - layer2.0.downsample.1.bias,True
2022-01-04 17:25:34,091 - __main__ - INFO - layer2.1.conv1.weight,True
2022-01-04 17:25:34,092 - __main__ - INFO - layer2.1.bn1.weight,True
2022-01-04 17:25:34,092 - __main__ - INFO - layer2.1.bn1.bias,True
2022-01-04 17:25:34,092 - __main__ - INFO - layer2.1.conv2.weight,True
2022-01-04 17:25:34,092 - __main__ - INFO - layer2.1.bn2.weight,True
2022-01-04 17:25:34,092 - __main__ - INFO - layer2.1.bn2.bias,True
2022-01-04 17:25:34,092 - __main__ - INFO - layer2.2.conv1.weight,True
2022-01-04 17:25:34,092 - __main__ - INFO - layer2.2.bn1.weight,True
2022-01-04 17:25:34,092 - __main__ - INFO - layer2.2.bn1.bias,True
2022-01-04 17:25:34,092 - __main__ - INFO - layer2.2.conv2.weight,True
2022-01-04 17:25:34,092 - __main__ - INFO - layer2.2.bn2.weight,True
2022-01-04 17:25:34,092 - __main__ - INFO - layer2.2.bn2.bias,True
2022-01-04 17:25:34,092 - __main__ - INFO - layer2.3.conv1.weight,True
2022-01-04 17:25:34,092 - __main__ - INFO - layer2.3.bn1.weight,True
2022-01-04 17:25:34,092 - __main__ - INFO - layer2.3.bn1.bias,True
2022-01-04 17:25:34,092 - __main__ - INFO - layer2.3.conv2.weight,True
2022-01-04 17:25:34,092 - __main__ - INFO - layer2.3.bn2.weight,True
2022-01-04 17:25:34,092 - __main__ - INFO - layer2.3.bn2.bias,True
2022-01-04 17:25:34,092 - __main__ - INFO - layer3.0.conv1.weight,True
2022-01-04 17:25:34,092 - __main__ - INFO - layer3.0.bn1.weight,True
2022-01-04 17:25:34,092 - __main__ - INFO - layer3.0.bn1.bias,True
2022-01-04 17:25:34,092 - __main__ - INFO - layer3.0.conv2.weight,True
2022-01-04 17:25:34,092 - __main__ - INFO - layer3.0.bn2.weight,True
2022-01-04 17:25:34,092 - __main__ - INFO - layer3.0.bn2.bias,True
2022-01-04 17:25:34,092 - __main__ - INFO - layer3.0.downsample.0.weight,True
2022-01-04 17:25:34,092 - __main__ - INFO - layer3.0.downsample.1.weight,True
2022-01-04 17:25:34,092 - __main__ - INFO - layer3.0.downsample.1.bias,True
2022-01-04 17:25:34,092 - __main__ - INFO - layer3.1.conv1.weight,True
2022-01-04 17:25:34,092 - __main__ - INFO - layer3.1.bn1.weight,True
2022-01-04 17:25:34,092 - __main__ - INFO - layer3.1.bn1.bias,True
2022-01-04 17:25:34,092 - __main__ - INFO - layer3.1.conv2.weight,True
2022-01-04 17:25:34,092 - __main__ - INFO - layer3.1.bn2.weight,True
2022-01-04 17:25:34,093 - __main__ - INFO - layer3.1.bn2.bias,True
2022-01-04 17:25:34,093 - __main__ - INFO - layer3.2.conv1.weight,True
2022-01-04 17:25:34,093 - __main__ - INFO - layer3.2.bn1.weight,True
2022-01-04 17:25:34,093 - __main__ - INFO - layer3.2.bn1.bias,True
2022-01-04 17:25:34,093 - __main__ - INFO - layer3.2.conv2.weight,True
2022-01-04 17:25:34,093 - __main__ - INFO - layer3.2.bn2.weight,True
2022-01-04 17:25:34,093 - __main__ - INFO - layer3.2.bn2.bias,True
2022-01-04 17:25:34,093 - __main__ - INFO - layer3.3.conv1.weight,True
2022-01-04 17:25:34,093 - __main__ - INFO - layer3.3.bn1.weight,True
2022-01-04 17:25:34,093 - __main__ - INFO - layer3.3.bn1.bias,True
2022-01-04 17:25:34,093 - __main__ - INFO - layer3.3.conv2.weight,True
2022-01-04 17:25:34,093 - __main__ - INFO - layer3.3.bn2.weight,True
2022-01-04 17:25:34,093 - __main__ - INFO - layer3.3.bn2.bias,True
2022-01-04 17:25:34,093 - __main__ - INFO - layer3.4.conv1.weight,True
2022-01-04 17:25:34,093 - __main__ - INFO - layer3.4.bn1.weight,True
2022-01-04 17:25:34,093 - __main__ - INFO - layer3.4.bn1.bias,True
2022-01-04 17:25:34,093 - __main__ - INFO - layer3.4.conv2.weight,True
2022-01-04 17:25:34,093 - __main__ - INFO - layer3.4.bn2.weight,True
2022-01-04 17:25:34,093 - __main__ - INFO - layer3.4.bn2.bias,True
2022-01-04 17:25:34,093 - __main__ - INFO - layer3.5.conv1.weight,True
2022-01-04 17:25:34,093 - __main__ - INFO - layer3.5.bn1.weight,True
2022-01-04 17:25:34,093 - __main__ - INFO - layer3.5.bn1.bias,True
2022-01-04 17:25:34,093 - __main__ - INFO - layer3.5.conv2.weight,True
2022-01-04 17:25:34,093 - __main__ - INFO - layer3.5.bn2.weight,True
2022-01-04 17:25:34,093 - __main__ - INFO - layer3.5.bn2.bias,True
2022-01-04 17:25:34,093 - __main__ - INFO - layer4.0.conv1.weight,True
2022-01-04 17:25:34,093 - __main__ - INFO - layer4.0.bn1.weight,True
2022-01-04 17:25:34,093 - __main__ - INFO - layer4.0.bn1.bias,True
2022-01-04 17:25:34,093 - __main__ - INFO - layer4.0.conv2.weight,True
2022-01-04 17:25:34,093 - __main__ - INFO - layer4.0.bn2.weight,True
2022-01-04 17:25:34,093 - __main__ - INFO - layer4.0.bn2.bias,True
2022-01-04 17:25:34,094 - __main__ - INFO - layer4.0.downsample.0.weight,True
2022-01-04 17:25:34,094 - __main__ - INFO - layer4.0.downsample.1.weight,True
2022-01-04 17:25:34,094 - __main__ - INFO - layer4.0.downsample.1.bias,True
2022-01-04 17:25:34,094 - __main__ - INFO - layer4.1.conv1.weight,True
2022-01-04 17:25:34,094 - __main__ - INFO - layer4.1.bn1.weight,True
2022-01-04 17:25:34,094 - __main__ - INFO - layer4.1.bn1.bias,True
2022-01-04 17:25:34,094 - __main__ - INFO - layer4.1.conv2.weight,True
2022-01-04 17:25:34,094 - __main__ - INFO - layer4.1.bn2.weight,True
2022-01-04 17:25:34,094 - __main__ - INFO - layer4.1.bn2.bias,True
2022-01-04 17:25:34,094 - __main__ - INFO - layer4.2.conv1.weight,True
2022-01-04 17:25:34,094 - __main__ - INFO - layer4.2.bn1.weight,True
2022-01-04 17:25:34,094 - __main__ - INFO - layer4.2.bn1.bias,True
2022-01-04 17:25:34,094 - __main__ - INFO - layer4.2.conv2.weight,True
2022-01-04 17:25:34,094 - __main__ - INFO - layer4.2.bn2.weight,True
2022-01-04 17:25:34,094 - __main__ - INFO - layer4.2.bn2.bias,True
2022-01-04 17:25:34,094 - __main__ - INFO - fc.weight,True
2022-01-04 17:25:34,094 - __main__ - INFO - fc.bias,True
2022-01-04 17:26:42,620 - __main__ - INFO - use 2 gpus
2022-01-04 17:26:42,620 - __main__ - INFO - args: Namespace(accumulation_steps=1, apex=False, batch_size=128, checkpoints='./checkpoints', epochs=100, evaluate=None, input_image_size=256, log='./log', loss_lambda=10, lr=5e-05, milestones=[30, 60, 90], momentum=0.9, network='resnet34', num_classes=2, num_workers=0, pretrained=True, print_interval=100, resume='./checkpoints/latest.pth', seed=0, test='./checkpoints/latest_pcl_demo.pth', video_test=None, weight_decay=0.0001)
2022-01-04 17:26:42,621 - __main__ - INFO - start loading data
2022-01-04 17:26:42,872 - __main__ - INFO - finish loading data
2022-01-04 17:26:42,872 - __main__ - INFO - creating model 'resnet34'
2022-01-04 17:26:43,261 - __main__ - INFO - model: 'resnet34', flops: 4.828G, params: 21.417M
2022-01-04 17:26:43,261 - __main__ - INFO - conv1.weight,True
2022-01-04 17:26:43,261 - __main__ - INFO - conv2.weight,True
2022-01-04 17:26:43,261 - __main__ - INFO - conv3.weight,True
2022-01-04 17:26:43,261 - __main__ - INFO - bn1.weight,True
2022-01-04 17:26:43,261 - __main__ - INFO - bn1.bias,True
2022-01-04 17:26:43,261 - __main__ - INFO - layer1.0.conv1.weight,True
2022-01-04 17:26:43,261 - __main__ - INFO - layer1.0.bn1.weight,True
2022-01-04 17:26:43,261 - __main__ - INFO - layer1.0.bn1.bias,True
2022-01-04 17:26:43,261 - __main__ - INFO - layer1.0.conv2.weight,True
2022-01-04 17:26:43,261 - __main__ - INFO - layer1.0.bn2.weight,True
2022-01-04 17:26:43,261 - __main__ - INFO - layer1.0.bn2.bias,True
2022-01-04 17:26:43,261 - __main__ - INFO - layer1.1.conv1.weight,True
2022-01-04 17:26:43,261 - __main__ - INFO - layer1.1.bn1.weight,True
2022-01-04 17:26:43,261 - __main__ - INFO - layer1.1.bn1.bias,True
2022-01-04 17:26:43,261 - __main__ - INFO - layer1.1.conv2.weight,True
2022-01-04 17:26:43,261 - __main__ - INFO - layer1.1.bn2.weight,True
2022-01-04 17:26:43,261 - __main__ - INFO - layer1.1.bn2.bias,True
2022-01-04 17:26:43,262 - __main__ - INFO - layer1.2.conv1.weight,True
2022-01-04 17:26:43,262 - __main__ - INFO - layer1.2.bn1.weight,True
2022-01-04 17:26:43,262 - __main__ - INFO - layer1.2.bn1.bias,True
2022-01-04 17:26:43,262 - __main__ - INFO - layer1.2.conv2.weight,True
2022-01-04 17:26:43,262 - __main__ - INFO - layer1.2.bn2.weight,True
2022-01-04 17:26:43,262 - __main__ - INFO - layer1.2.bn2.bias,True
2022-01-04 17:26:43,262 - __main__ - INFO - layer2.0.conv1.weight,True
2022-01-04 17:26:43,262 - __main__ - INFO - layer2.0.bn1.weight,True
2022-01-04 17:26:43,262 - __main__ - INFO - layer2.0.bn1.bias,True
2022-01-04 17:26:43,262 - __main__ - INFO - layer2.0.conv2.weight,True
2022-01-04 17:26:43,262 - __main__ - INFO - layer2.0.bn2.weight,True
2022-01-04 17:26:43,262 - __main__ - INFO - layer2.0.bn2.bias,True
2022-01-04 17:26:43,262 - __main__ - INFO - layer2.0.downsample.0.weight,True
2022-01-04 17:26:43,262 - __main__ - INFO - layer2.0.downsample.1.weight,True
2022-01-04 17:26:43,262 - __main__ - INFO - layer2.0.downsample.1.bias,True
2022-01-04 17:26:43,262 - __main__ - INFO - layer2.1.conv1.weight,True
2022-01-04 17:26:43,262 - __main__ - INFO - layer2.1.bn1.weight,True
2022-01-04 17:26:43,262 - __main__ - INFO - layer2.1.bn1.bias,True
2022-01-04 17:26:43,262 - __main__ - INFO - layer2.1.conv2.weight,True
2022-01-04 17:26:43,262 - __main__ - INFO - layer2.1.bn2.weight,True
2022-01-04 17:26:43,262 - __main__ - INFO - layer2.1.bn2.bias,True
2022-01-04 17:26:43,262 - __main__ - INFO - layer2.2.conv1.weight,True
2022-01-04 17:26:43,262 - __main__ - INFO - layer2.2.bn1.weight,True
2022-01-04 17:26:43,262 - __main__ - INFO - layer2.2.bn1.bias,True
2022-01-04 17:26:43,263 - __main__ - INFO - layer2.2.conv2.weight,True
2022-01-04 17:26:43,263 - __main__ - INFO - layer2.2.bn2.weight,True
2022-01-04 17:26:43,263 - __main__ - INFO - layer2.2.bn2.bias,True
2022-01-04 17:26:43,263 - __main__ - INFO - layer2.3.conv1.weight,True
2022-01-04 17:26:43,263 - __main__ - INFO - layer2.3.bn1.weight,True
2022-01-04 17:26:43,263 - __main__ - INFO - layer2.3.bn1.bias,True
2022-01-04 17:26:43,263 - __main__ - INFO - layer2.3.conv2.weight,True
2022-01-04 17:26:43,263 - __main__ - INFO - layer2.3.bn2.weight,True
2022-01-04 17:26:43,263 - __main__ - INFO - layer2.3.bn2.bias,True
2022-01-04 17:26:43,263 - __main__ - INFO - layer3.0.conv1.weight,True
2022-01-04 17:26:43,263 - __main__ - INFO - layer3.0.bn1.weight,True
2022-01-04 17:26:43,263 - __main__ - INFO - layer3.0.bn1.bias,True
2022-01-04 17:26:43,263 - __main__ - INFO - layer3.0.conv2.weight,True
2022-01-04 17:26:43,263 - __main__ - INFO - layer3.0.bn2.weight,True
2022-01-04 17:26:43,263 - __main__ - INFO - layer3.0.bn2.bias,True
2022-01-04 17:26:43,263 - __main__ - INFO - layer3.0.downsample.0.weight,True
2022-01-04 17:26:43,263 - __main__ - INFO - layer3.0.downsample.1.weight,True
2022-01-04 17:26:43,263 - __main__ - INFO - layer3.0.downsample.1.bias,True
2022-01-04 17:26:43,263 - __main__ - INFO - layer3.1.conv1.weight,True
2022-01-04 17:26:43,263 - __main__ - INFO - layer3.1.bn1.weight,True
2022-01-04 17:26:43,263 - __main__ - INFO - layer3.1.bn1.bias,True
2022-01-04 17:26:43,263 - __main__ - INFO - layer3.1.conv2.weight,True
2022-01-04 17:26:43,263 - __main__ - INFO - layer3.1.bn2.weight,True
2022-01-04 17:26:43,263 - __main__ - INFO - layer3.1.bn2.bias,True
2022-01-04 17:26:43,263 - __main__ - INFO - layer3.2.conv1.weight,True
2022-01-04 17:26:43,264 - __main__ - INFO - layer3.2.bn1.weight,True
2022-01-04 17:26:43,264 - __main__ - INFO - layer3.2.bn1.bias,True
2022-01-04 17:26:43,264 - __main__ - INFO - layer3.2.conv2.weight,True
2022-01-04 17:26:43,264 - __main__ - INFO - layer3.2.bn2.weight,True
2022-01-04 17:26:43,264 - __main__ - INFO - layer3.2.bn2.bias,True
2022-01-04 17:26:43,264 - __main__ - INFO - layer3.3.conv1.weight,True
2022-01-04 17:26:43,264 - __main__ - INFO - layer3.3.bn1.weight,True
2022-01-04 17:26:43,264 - __main__ - INFO - layer3.3.bn1.bias,True
2022-01-04 17:26:43,264 - __main__ - INFO - layer3.3.conv2.weight,True
2022-01-04 17:26:43,264 - __main__ - INFO - layer3.3.bn2.weight,True
2022-01-04 17:26:43,264 - __main__ - INFO - layer3.3.bn2.bias,True
2022-01-04 17:26:43,264 - __main__ - INFO - layer3.4.conv1.weight,True
2022-01-04 17:26:43,264 - __main__ - INFO - layer3.4.bn1.weight,True
2022-01-04 17:26:43,264 - __main__ - INFO - layer3.4.bn1.bias,True
2022-01-04 17:26:43,264 - __main__ - INFO - layer3.4.conv2.weight,True
2022-01-04 17:26:43,264 - __main__ - INFO - layer3.4.bn2.weight,True
2022-01-04 17:26:43,264 - __main__ - INFO - layer3.4.bn2.bias,True
2022-01-04 17:26:43,264 - __main__ - INFO - layer3.5.conv1.weight,True
2022-01-04 17:26:43,264 - __main__ - INFO - layer3.5.bn1.weight,True
2022-01-04 17:26:43,264 - __main__ - INFO - layer3.5.bn1.bias,True
2022-01-04 17:26:43,264 - __main__ - INFO - layer3.5.conv2.weight,True
2022-01-04 17:26:43,264 - __main__ - INFO - layer3.5.bn2.weight,True
2022-01-04 17:26:43,264 - __main__ - INFO - layer3.5.bn2.bias,True
2022-01-04 17:26:43,264 - __main__ - INFO - layer4.0.conv1.weight,True
2022-01-04 17:26:43,265 - __main__ - INFO - layer4.0.bn1.weight,True
2022-01-04 17:26:43,265 - __main__ - INFO - layer4.0.bn1.bias,True
2022-01-04 17:26:43,265 - __main__ - INFO - layer4.0.conv2.weight,True
2022-01-04 17:26:43,265 - __main__ - INFO - layer4.0.bn2.weight,True
2022-01-04 17:26:43,265 - __main__ - INFO - layer4.0.bn2.bias,True
2022-01-04 17:26:43,265 - __main__ - INFO - layer4.0.downsample.0.weight,True
2022-01-04 17:26:43,265 - __main__ - INFO - layer4.0.downsample.1.weight,True
2022-01-04 17:26:43,265 - __main__ - INFO - layer4.0.downsample.1.bias,True
2022-01-04 17:26:43,265 - __main__ - INFO - layer4.1.conv1.weight,True
2022-01-04 17:26:43,265 - __main__ - INFO - layer4.1.bn1.weight,True
2022-01-04 17:26:43,265 - __main__ - INFO - layer4.1.bn1.bias,True
2022-01-04 17:26:43,265 - __main__ - INFO - layer4.1.conv2.weight,True
2022-01-04 17:26:43,265 - __main__ - INFO - layer4.1.bn2.weight,True
2022-01-04 17:26:43,265 - __main__ - INFO - layer4.1.bn2.bias,True
2022-01-04 17:26:43,265 - __main__ - INFO - layer4.2.conv1.weight,True
2022-01-04 17:26:43,265 - __main__ - INFO - layer4.2.bn1.weight,True
2022-01-04 17:26:43,265 - __main__ - INFO - layer4.2.bn1.bias,True
2022-01-04 17:26:43,265 - __main__ - INFO - layer4.2.conv2.weight,True
2022-01-04 17:26:43,265 - __main__ - INFO - layer4.2.bn2.weight,True
2022-01-04 17:26:43,265 - __main__ - INFO - layer4.2.bn2.bias,True
2022-01-04 17:26:43,265 - __main__ - INFO - fc.weight,True
2022-01-04 17:26:43,265 - __main__ - INFO - fc.bias,True
2022-01-04 17:26:44,929 - __main__ - INFO - start only evaluating
2022-01-04 17:26:44,929 - __main__ - INFO - start resuming model from ./checkpoints/latest_pcl_demo.pth
2022-01-04 17:27:05,672 - __main__ - INFO - use 2 gpus
2022-01-04 17:27:05,672 - __main__ - INFO - args: Namespace(accumulation_steps=1, apex=False, batch_size=128, checkpoints='./checkpoints', epochs=100, evaluate=None, input_image_size=256, log='./log', loss_lambda=10, lr=5e-05, milestones=[30, 60, 90], momentum=0.9, network='resnet34', num_classes=2, num_workers=0, pretrained=True, print_interval=100, resume='./checkpoints/latest.pth', seed=0, test='./checkpoints/latest_pcl_demo.pth', video_test=None, weight_decay=0.0001)
2022-01-04 17:27:05,672 - __main__ - INFO - start loading data
2022-01-04 17:27:05,872 - __main__ - INFO - finish loading data
2022-01-04 17:27:05,872 - __main__ - INFO - creating model 'resnet34'
2022-01-04 17:27:06,298 - __main__ - INFO - model: 'resnet34', flops: 4.828G, params: 21.417M
2022-01-04 17:27:06,298 - __main__ - INFO - conv1.weight,True
2022-01-04 17:27:06,298 - __main__ - INFO - conv2.weight,True
2022-01-04 17:27:06,298 - __main__ - INFO - conv3.weight,True
2022-01-04 17:27:06,298 - __main__ - INFO - bn1.weight,True
2022-01-04 17:27:06,298 - __main__ - INFO - bn1.bias,True
2022-01-04 17:27:06,298 - __main__ - INFO - layer1.0.conv1.weight,True
2022-01-04 17:27:06,298 - __main__ - INFO - layer1.0.bn1.weight,True
2022-01-04 17:27:06,298 - __main__ - INFO - layer1.0.bn1.bias,True
2022-01-04 17:27:06,298 - __main__ - INFO - layer1.0.conv2.weight,True
2022-01-04 17:27:06,298 - __main__ - INFO - layer1.0.bn2.weight,True
2022-01-04 17:27:06,298 - __main__ - INFO - layer1.0.bn2.bias,True
2022-01-04 17:27:06,298 - __main__ - INFO - layer1.1.conv1.weight,True
2022-01-04 17:27:06,298 - __main__ - INFO - layer1.1.bn1.weight,True
2022-01-04 17:27:06,298 - __main__ - INFO - layer1.1.bn1.bias,True
2022-01-04 17:27:06,298 - __main__ - INFO - layer1.1.conv2.weight,True
2022-01-04 17:27:06,298 - __main__ - INFO - layer1.1.bn2.weight,True
2022-01-04 17:27:06,298 - __main__ - INFO - layer1.1.bn2.bias,True
2022-01-04 17:27:06,298 - __main__ - INFO - layer1.2.conv1.weight,True
2022-01-04 17:27:06,299 - __main__ - INFO - layer1.2.bn1.weight,True
2022-01-04 17:27:06,299 - __main__ - INFO - layer1.2.bn1.bias,True
2022-01-04 17:27:06,299 - __main__ - INFO - layer1.2.conv2.weight,True
2022-01-04 17:27:06,299 - __main__ - INFO - layer1.2.bn2.weight,True
2022-01-04 17:27:06,299 - __main__ - INFO - layer1.2.bn2.bias,True
2022-01-04 17:27:06,299 - __main__ - INFO - layer2.0.conv1.weight,True
2022-01-04 17:27:06,299 - __main__ - INFO - layer2.0.bn1.weight,True
2022-01-04 17:27:06,299 - __main__ - INFO - layer2.0.bn1.bias,True
2022-01-04 17:27:06,299 - __main__ - INFO - layer2.0.conv2.weight,True
2022-01-04 17:27:06,299 - __main__ - INFO - layer2.0.bn2.weight,True
2022-01-04 17:27:06,299 - __main__ - INFO - layer2.0.bn2.bias,True
2022-01-04 17:27:06,299 - __main__ - INFO - layer2.0.downsample.0.weight,True
2022-01-04 17:27:06,299 - __main__ - INFO - layer2.0.downsample.1.weight,True
2022-01-04 17:27:06,299 - __main__ - INFO - layer2.0.downsample.1.bias,True
2022-01-04 17:27:06,299 - __main__ - INFO - layer2.1.conv1.weight,True
2022-01-04 17:27:06,299 - __main__ - INFO - layer2.1.bn1.weight,True
2022-01-04 17:27:06,299 - __main__ - INFO - layer2.1.bn1.bias,True
2022-01-04 17:27:06,299 - __main__ - INFO - layer2.1.conv2.weight,True
2022-01-04 17:27:06,299 - __main__ - INFO - layer2.1.bn2.weight,True
2022-01-04 17:27:06,299 - __main__ - INFO - layer2.1.bn2.bias,True
2022-01-04 17:27:06,299 - __main__ - INFO - layer2.2.conv1.weight,True
2022-01-04 17:27:06,299 - __main__ - INFO - layer2.2.bn1.weight,True
2022-01-04 17:27:06,299 - __main__ - INFO - layer2.2.bn1.bias,True
2022-01-04 17:27:06,299 - __main__ - INFO - layer2.2.conv2.weight,True
2022-01-04 17:27:06,299 - __main__ - INFO - layer2.2.bn2.weight,True
2022-01-04 17:27:06,299 - __main__ - INFO - layer2.2.bn2.bias,True
2022-01-04 17:27:06,299 - __main__ - INFO - layer2.3.conv1.weight,True
2022-01-04 17:27:06,299 - __main__ - INFO - layer2.3.bn1.weight,True
2022-01-04 17:27:06,299 - __main__ - INFO - layer2.3.bn1.bias,True
2022-01-04 17:27:06,299 - __main__ - INFO - layer2.3.conv2.weight,True
2022-01-04 17:27:06,299 - __main__ - INFO - layer2.3.bn2.weight,True
2022-01-04 17:27:06,299 - __main__ - INFO - layer2.3.bn2.bias,True
2022-01-04 17:27:06,300 - __main__ - INFO - layer3.0.conv1.weight,True
2022-01-04 17:27:06,300 - __main__ - INFO - layer3.0.bn1.weight,True
2022-01-04 17:27:06,300 - __main__ - INFO - layer3.0.bn1.bias,True
2022-01-04 17:27:06,300 - __main__ - INFO - layer3.0.conv2.weight,True
2022-01-04 17:27:06,300 - __main__ - INFO - layer3.0.bn2.weight,True
2022-01-04 17:27:06,300 - __main__ - INFO - layer3.0.bn2.bias,True
2022-01-04 17:27:06,300 - __main__ - INFO - layer3.0.downsample.0.weight,True
2022-01-04 17:27:06,300 - __main__ - INFO - layer3.0.downsample.1.weight,True
2022-01-04 17:27:06,300 - __main__ - INFO - layer3.0.downsample.1.bias,True
2022-01-04 17:27:06,300 - __main__ - INFO - layer3.1.conv1.weight,True
2022-01-04 17:27:06,300 - __main__ - INFO - layer3.1.bn1.weight,True
2022-01-04 17:27:06,300 - __main__ - INFO - layer3.1.bn1.bias,True
2022-01-04 17:27:06,300 - __main__ - INFO - layer3.1.conv2.weight,True
2022-01-04 17:27:06,300 - __main__ - INFO - layer3.1.bn2.weight,True
2022-01-04 17:27:06,300 - __main__ - INFO - layer3.1.bn2.bias,True
2022-01-04 17:27:06,300 - __main__ - INFO - layer3.2.conv1.weight,True
2022-01-04 17:27:06,300 - __main__ - INFO - layer3.2.bn1.weight,True
2022-01-04 17:27:06,300 - __main__ - INFO - layer3.2.bn1.bias,True
2022-01-04 17:27:06,300 - __main__ - INFO - layer3.2.conv2.weight,True
2022-01-04 17:27:06,300 - __main__ - INFO - layer3.2.bn2.weight,True
2022-01-04 17:27:06,300 - __main__ - INFO - layer3.2.bn2.bias,True
2022-01-04 17:27:06,300 - __main__ - INFO - layer3.3.conv1.weight,True
2022-01-04 17:27:06,300 - __main__ - INFO - layer3.3.bn1.weight,True
2022-01-04 17:27:06,300 - __main__ - INFO - layer3.3.bn1.bias,True
2022-01-04 17:27:06,300 - __main__ - INFO - layer3.3.conv2.weight,True
2022-01-04 17:27:06,300 - __main__ - INFO - layer3.3.bn2.weight,True
2022-01-04 17:27:06,300 - __main__ - INFO - layer3.3.bn2.bias,True
2022-01-04 17:27:06,300 - __main__ - INFO - layer3.4.conv1.weight,True
2022-01-04 17:27:06,300 - __main__ - INFO - layer3.4.bn1.weight,True
2022-01-04 17:27:06,300 - __main__ - INFO - layer3.4.bn1.bias,True
2022-01-04 17:27:06,300 - __main__ - INFO - layer3.4.conv2.weight,True
2022-01-04 17:27:06,300 - __main__ - INFO - layer3.4.bn2.weight,True
2022-01-04 17:27:06,300 - __main__ - INFO - layer3.4.bn2.bias,True
2022-01-04 17:27:06,301 - __main__ - INFO - layer3.5.conv1.weight,True
2022-01-04 17:27:06,301 - __main__ - INFO - layer3.5.bn1.weight,True
2022-01-04 17:27:06,301 - __main__ - INFO - layer3.5.bn1.bias,True
2022-01-04 17:27:06,301 - __main__ - INFO - layer3.5.conv2.weight,True
2022-01-04 17:27:06,301 - __main__ - INFO - layer3.5.bn2.weight,True
2022-01-04 17:27:06,301 - __main__ - INFO - layer3.5.bn2.bias,True
2022-01-04 17:27:06,301 - __main__ - INFO - layer4.0.conv1.weight,True
2022-01-04 17:27:06,301 - __main__ - INFO - layer4.0.bn1.weight,True
2022-01-04 17:27:06,301 - __main__ - INFO - layer4.0.bn1.bias,True
2022-01-04 17:27:06,301 - __main__ - INFO - layer4.0.conv2.weight,True
2022-01-04 17:27:06,301 - __main__ - INFO - layer4.0.bn2.weight,True
2022-01-04 17:27:06,301 - __main__ - INFO - layer4.0.bn2.bias,True
2022-01-04 17:27:06,301 - __main__ - INFO - layer4.0.downsample.0.weight,True
2022-01-04 17:27:06,301 - __main__ - INFO - layer4.0.downsample.1.weight,True
2022-01-04 17:27:06,301 - __main__ - INFO - layer4.0.downsample.1.bias,True
2022-01-04 17:27:06,301 - __main__ - INFO - layer4.1.conv1.weight,True
2022-01-04 17:27:06,301 - __main__ - INFO - layer4.1.bn1.weight,True
2022-01-04 17:27:06,301 - __main__ - INFO - layer4.1.bn1.bias,True
2022-01-04 17:27:06,301 - __main__ - INFO - layer4.1.conv2.weight,True
2022-01-04 17:27:06,301 - __main__ - INFO - layer4.1.bn2.weight,True
2022-01-04 17:27:06,301 - __main__ - INFO - layer4.1.bn2.bias,True
2022-01-04 17:27:06,301 - __main__ - INFO - layer4.2.conv1.weight,True
2022-01-04 17:27:06,301 - __main__ - INFO - layer4.2.bn1.weight,True
2022-01-04 17:27:06,301 - __main__ - INFO - layer4.2.bn1.bias,True
2022-01-04 17:27:06,301 - __main__ - INFO - layer4.2.conv2.weight,True
2022-01-04 17:27:06,301 - __main__ - INFO - layer4.2.bn2.weight,True
2022-01-04 17:27:06,301 - __main__ - INFO - layer4.2.bn2.bias,True
2022-01-04 17:27:06,301 - __main__ - INFO - fc.weight,True
2022-01-04 17:27:06,301 - __main__ - INFO - fc.bias,True
2022-01-04 17:27:07,953 - __main__ - INFO - start only evaluating
2022-01-04 17:27:07,953 - __main__ - INFO - start resuming model from ./checkpoints/latest_pcl_demo.pth
2022-01-04 17:27:56,437 - __main__ - INFO -  auc: 0.95453, top1 acc: 88.89%, top5 acc: 100.00%, throughput: 184.75sample/s
2022-01-04 17:29:06,936 - __main__ - INFO - use 2 gpus
2022-01-04 17:29:06,936 - __main__ - INFO - args: Namespace(accumulation_steps=1, apex=False, batch_size=128, checkpoints='./checkpoints', epochs=100, evaluate=None, input_image_size=256, log='./log', loss_lambda=10, lr=5e-05, milestones=[30, 60, 90], momentum=0.9, network='resnet34', num_classes=2, num_workers=0, pretrained=True, print_interval=100, resume='./checkpoints/latest.pth', seed=0, test='./checkpoints/latest_pcl_demo.pth', video_test=None, weight_decay=0.0001)
2022-01-04 17:29:06,936 - __main__ - INFO - start loading data
2022-01-04 17:29:07,204 - __main__ - INFO - finish loading data
2022-01-04 17:29:07,204 - __main__ - INFO - creating model 'resnet34'
2022-01-04 17:29:07,630 - __main__ - INFO - model: 'resnet34', flops: 4.828G, params: 21.417M
2022-01-04 17:29:07,630 - __main__ - INFO - conv1.weight,True
2022-01-04 17:29:07,630 - __main__ - INFO - conv2.weight,True
2022-01-04 17:29:07,630 - __main__ - INFO - conv3.weight,True
2022-01-04 17:29:07,630 - __main__ - INFO - bn1.weight,True
2022-01-04 17:29:07,630 - __main__ - INFO - bn1.bias,True
2022-01-04 17:29:07,631 - __main__ - INFO - layer1.0.conv1.weight,True
2022-01-04 17:29:07,631 - __main__ - INFO - layer1.0.bn1.weight,True
2022-01-04 17:29:07,631 - __main__ - INFO - layer1.0.bn1.bias,True
2022-01-04 17:29:07,631 - __main__ - INFO - layer1.0.conv2.weight,True
2022-01-04 17:29:07,631 - __main__ - INFO - layer1.0.bn2.weight,True
2022-01-04 17:29:07,631 - __main__ - INFO - layer1.0.bn2.bias,True
2022-01-04 17:29:07,631 - __main__ - INFO - layer1.1.conv1.weight,True
2022-01-04 17:29:07,631 - __main__ - INFO - layer1.1.bn1.weight,True
2022-01-04 17:29:07,631 - __main__ - INFO - layer1.1.bn1.bias,True
2022-01-04 17:29:07,631 - __main__ - INFO - layer1.1.conv2.weight,True
2022-01-04 17:29:07,631 - __main__ - INFO - layer1.1.bn2.weight,True
2022-01-04 17:29:07,631 - __main__ - INFO - layer1.1.bn2.bias,True
2022-01-04 17:29:07,631 - __main__ - INFO - layer1.2.conv1.weight,True
2022-01-04 17:29:07,631 - __main__ - INFO - layer1.2.bn1.weight,True
2022-01-04 17:29:07,631 - __main__ - INFO - layer1.2.bn1.bias,True
2022-01-04 17:29:07,631 - __main__ - INFO - layer1.2.conv2.weight,True
2022-01-04 17:29:07,631 - __main__ - INFO - layer1.2.bn2.weight,True
2022-01-04 17:29:07,631 - __main__ - INFO - layer1.2.bn2.bias,True
2022-01-04 17:29:07,631 - __main__ - INFO - layer2.0.conv1.weight,True
2022-01-04 17:29:07,631 - __main__ - INFO - layer2.0.bn1.weight,True
2022-01-04 17:29:07,631 - __main__ - INFO - layer2.0.bn1.bias,True
2022-01-04 17:29:07,631 - __main__ - INFO - layer2.0.conv2.weight,True
2022-01-04 17:29:07,631 - __main__ - INFO - layer2.0.bn2.weight,True
2022-01-04 17:29:07,631 - __main__ - INFO - layer2.0.bn2.bias,True
2022-01-04 17:29:07,631 - __main__ - INFO - layer2.0.downsample.0.weight,True
2022-01-04 17:29:07,631 - __main__ - INFO - layer2.0.downsample.1.weight,True
2022-01-04 17:29:07,631 - __main__ - INFO - layer2.0.downsample.1.bias,True
2022-01-04 17:29:07,631 - __main__ - INFO - layer2.1.conv1.weight,True
2022-01-04 17:29:07,631 - __main__ - INFO - layer2.1.bn1.weight,True
2022-01-04 17:29:07,631 - __main__ - INFO - layer2.1.bn1.bias,True
2022-01-04 17:29:07,632 - __main__ - INFO - layer2.1.conv2.weight,True
2022-01-04 17:29:07,632 - __main__ - INFO - layer2.1.bn2.weight,True
2022-01-04 17:29:07,632 - __main__ - INFO - layer2.1.bn2.bias,True
2022-01-04 17:29:07,632 - __main__ - INFO - layer2.2.conv1.weight,True
2022-01-04 17:29:07,632 - __main__ - INFO - layer2.2.bn1.weight,True
2022-01-04 17:29:07,632 - __main__ - INFO - layer2.2.bn1.bias,True
2022-01-04 17:29:07,632 - __main__ - INFO - layer2.2.conv2.weight,True
2022-01-04 17:29:07,632 - __main__ - INFO - layer2.2.bn2.weight,True
2022-01-04 17:29:07,632 - __main__ - INFO - layer2.2.bn2.bias,True
2022-01-04 17:29:07,632 - __main__ - INFO - layer2.3.conv1.weight,True
2022-01-04 17:29:07,632 - __main__ - INFO - layer2.3.bn1.weight,True
2022-01-04 17:29:07,632 - __main__ - INFO - layer2.3.bn1.bias,True
2022-01-04 17:29:07,632 - __main__ - INFO - layer2.3.conv2.weight,True
2022-01-04 17:29:07,632 - __main__ - INFO - layer2.3.bn2.weight,True
2022-01-04 17:29:07,632 - __main__ - INFO - layer2.3.bn2.bias,True
2022-01-04 17:29:07,632 - __main__ - INFO - layer3.0.conv1.weight,True
2022-01-04 17:29:07,632 - __main__ - INFO - layer3.0.bn1.weight,True
2022-01-04 17:29:07,632 - __main__ - INFO - layer3.0.bn1.bias,True
2022-01-04 17:29:07,632 - __main__ - INFO - layer3.0.conv2.weight,True
2022-01-04 17:29:07,632 - __main__ - INFO - layer3.0.bn2.weight,True
2022-01-04 17:29:07,632 - __main__ - INFO - layer3.0.bn2.bias,True
2022-01-04 17:29:07,632 - __main__ - INFO - layer3.0.downsample.0.weight,True
2022-01-04 17:29:07,632 - __main__ - INFO - layer3.0.downsample.1.weight,True
2022-01-04 17:29:07,632 - __main__ - INFO - layer3.0.downsample.1.bias,True
2022-01-04 17:29:07,633 - __main__ - INFO - layer3.1.conv1.weight,True
2022-01-04 17:29:07,633 - __main__ - INFO - layer3.1.bn1.weight,True
2022-01-04 17:29:07,633 - __main__ - INFO - layer3.1.bn1.bias,True
2022-01-04 17:29:07,633 - __main__ - INFO - layer3.1.conv2.weight,True
2022-01-04 17:29:07,633 - __main__ - INFO - layer3.1.bn2.weight,True
2022-01-04 17:29:07,633 - __main__ - INFO - layer3.1.bn2.bias,True
2022-01-04 17:29:07,633 - __main__ - INFO - layer3.2.conv1.weight,True
2022-01-04 17:29:07,633 - __main__ - INFO - layer3.2.bn1.weight,True
2022-01-04 17:29:07,633 - __main__ - INFO - layer3.2.bn1.bias,True
2022-01-04 17:29:07,633 - __main__ - INFO - layer3.2.conv2.weight,True
2022-01-04 17:29:07,633 - __main__ - INFO - layer3.2.bn2.weight,True
2022-01-04 17:29:07,633 - __main__ - INFO - layer3.2.bn2.bias,True
2022-01-04 17:29:07,633 - __main__ - INFO - layer3.3.conv1.weight,True
2022-01-04 17:29:07,633 - __main__ - INFO - layer3.3.bn1.weight,True
2022-01-04 17:29:07,633 - __main__ - INFO - layer3.3.bn1.bias,True
2022-01-04 17:29:07,633 - __main__ - INFO - layer3.3.conv2.weight,True
2022-01-04 17:29:07,633 - __main__ - INFO - layer3.3.bn2.weight,True
2022-01-04 17:29:07,633 - __main__ - INFO - layer3.3.bn2.bias,True
2022-01-04 17:29:07,633 - __main__ - INFO - layer3.4.conv1.weight,True
2022-01-04 17:29:07,633 - __main__ - INFO - layer3.4.bn1.weight,True
2022-01-04 17:29:07,633 - __main__ - INFO - layer3.4.bn1.bias,True
2022-01-04 17:29:07,633 - __main__ - INFO - layer3.4.conv2.weight,True
2022-01-04 17:29:07,633 - __main__ - INFO - layer3.4.bn2.weight,True
2022-01-04 17:29:07,633 - __main__ - INFO - layer3.4.bn2.bias,True
2022-01-04 17:29:07,633 - __main__ - INFO - layer3.5.conv1.weight,True
2022-01-04 17:29:07,634 - __main__ - INFO - layer3.5.bn1.weight,True
2022-01-04 17:29:07,634 - __main__ - INFO - layer3.5.bn1.bias,True
2022-01-04 17:29:07,634 - __main__ - INFO - layer3.5.conv2.weight,True
2022-01-04 17:29:07,634 - __main__ - INFO - layer3.5.bn2.weight,True
2022-01-04 17:29:07,634 - __main__ - INFO - layer3.5.bn2.bias,True
2022-01-04 17:29:07,634 - __main__ - INFO - layer4.0.conv1.weight,True
2022-01-04 17:29:07,634 - __main__ - INFO - layer4.0.bn1.weight,True
2022-01-04 17:29:07,634 - __main__ - INFO - layer4.0.bn1.bias,True
2022-01-04 17:29:07,634 - __main__ - INFO - layer4.0.conv2.weight,True
2022-01-04 17:29:07,634 - __main__ - INFO - layer4.0.bn2.weight,True
2022-01-04 17:29:07,634 - __main__ - INFO - layer4.0.bn2.bias,True
2022-01-04 17:29:07,634 - __main__ - INFO - layer4.0.downsample.0.weight,True
2022-01-04 17:29:07,634 - __main__ - INFO - layer4.0.downsample.1.weight,True
2022-01-04 17:29:07,634 - __main__ - INFO - layer4.0.downsample.1.bias,True
2022-01-04 17:29:07,634 - __main__ - INFO - layer4.1.conv1.weight,True
2022-01-04 17:29:07,634 - __main__ - INFO - layer4.1.bn1.weight,True
2022-01-04 17:29:07,634 - __main__ - INFO - layer4.1.bn1.bias,True
2022-01-04 17:29:07,634 - __main__ - INFO - layer4.1.conv2.weight,True
2022-01-04 17:29:07,634 - __main__ - INFO - layer4.1.bn2.weight,True
2022-01-04 17:29:07,634 - __main__ - INFO - layer4.1.bn2.bias,True
2022-01-04 17:29:07,634 - __main__ - INFO - layer4.2.conv1.weight,True
2022-01-04 17:29:07,634 - __main__ - INFO - layer4.2.bn1.weight,True
2022-01-04 17:29:07,634 - __main__ - INFO - layer4.2.bn1.bias,True
2022-01-04 17:29:07,634 - __main__ - INFO - layer4.2.conv2.weight,True
2022-01-04 17:29:07,635 - __main__ - INFO - layer4.2.bn2.weight,True
2022-01-04 17:29:07,635 - __main__ - INFO - layer4.2.bn2.bias,True
2022-01-04 17:29:07,635 - __main__ - INFO - fc.weight,True
2022-01-04 17:29:07,635 - __main__ - INFO - fc.bias,True
2022-01-04 17:29:09,294 - __main__ - INFO - start only evaluating
2022-01-04 17:29:09,294 - __main__ - INFO - start resuming model from ./checkpoints/latest_pcl_demo.pth
2022-01-04 17:30:18,377 - __main__ - INFO -  auc: 0.98052, top1 acc: 46.31%, top5 acc: 100.00%, throughput: 163.03sample/s
2022-01-04 17:51:24,415 - __main__ - INFO - use 2 gpus
2022-01-04 17:51:24,415 - __main__ - INFO - args: Namespace(accumulation_steps=1, apex=False, batch_size=128, checkpoints='./checkpoints', epochs=100, evaluate=None, input_image_size=256, log='./log', loss_lambda=10, lr=5e-05, milestones=[30, 60, 90], momentum=0.9, network='resnet34', num_classes=2, num_workers=0, pretrained=True, print_interval=100, resume='./checkpoints/latest.pth', seed=0, test=None, video_test=None, weight_decay=0.0001)
2022-01-04 17:51:24,415 - __main__ - INFO - start loading data
2022-01-04 17:51:24,931 - __main__ - INFO - finish loading data
2022-01-04 17:51:24,931 - __main__ - INFO - creating model 'resnet34'
2022-01-04 17:51:25,399 - __main__ - INFO - model: 'resnet34', flops: 4.828G, params: 21.417M
2022-01-04 17:51:25,399 - __main__ - INFO - conv1.weight,True
2022-01-04 17:51:25,399 - __main__ - INFO - conv2.weight,True
2022-01-04 17:51:25,399 - __main__ - INFO - conv3.weight,True
2022-01-04 17:51:25,399 - __main__ - INFO - bn1.weight,True
2022-01-04 17:51:25,399 - __main__ - INFO - bn1.bias,True
2022-01-04 17:51:25,399 - __main__ - INFO - layer1.0.conv1.weight,True
2022-01-04 17:51:25,399 - __main__ - INFO - layer1.0.bn1.weight,True
2022-01-04 17:51:25,400 - __main__ - INFO - layer1.0.bn1.bias,True
2022-01-04 17:51:25,400 - __main__ - INFO - layer1.0.conv2.weight,True
2022-01-04 17:51:25,400 - __main__ - INFO - layer1.0.bn2.weight,True
2022-01-04 17:51:25,400 - __main__ - INFO - layer1.0.bn2.bias,True
2022-01-04 17:51:25,400 - __main__ - INFO - layer1.1.conv1.weight,True
2022-01-04 17:51:25,400 - __main__ - INFO - layer1.1.bn1.weight,True
2022-01-04 17:51:25,400 - __main__ - INFO - layer1.1.bn1.bias,True
2022-01-04 17:51:25,400 - __main__ - INFO - layer1.1.conv2.weight,True
2022-01-04 17:51:25,400 - __main__ - INFO - layer1.1.bn2.weight,True
2022-01-04 17:51:25,400 - __main__ - INFO - layer1.1.bn2.bias,True
2022-01-04 17:51:25,400 - __main__ - INFO - layer1.2.conv1.weight,True
2022-01-04 17:51:25,400 - __main__ - INFO - layer1.2.bn1.weight,True
2022-01-04 17:51:25,400 - __main__ - INFO - layer1.2.bn1.bias,True
2022-01-04 17:51:25,400 - __main__ - INFO - layer1.2.conv2.weight,True
2022-01-04 17:51:25,400 - __main__ - INFO - layer1.2.bn2.weight,True
2022-01-04 17:51:25,400 - __main__ - INFO - layer1.2.bn2.bias,True
2022-01-04 17:51:25,400 - __main__ - INFO - layer2.0.conv1.weight,True
2022-01-04 17:51:25,400 - __main__ - INFO - layer2.0.bn1.weight,True
2022-01-04 17:51:25,400 - __main__ - INFO - layer2.0.bn1.bias,True
2022-01-04 17:51:25,400 - __main__ - INFO - layer2.0.conv2.weight,True
2022-01-04 17:51:25,400 - __main__ - INFO - layer2.0.bn2.weight,True
2022-01-04 17:51:25,401 - __main__ - INFO - layer2.0.bn2.bias,True
2022-01-04 17:51:25,401 - __main__ - INFO - layer2.0.downsample.0.weight,True
2022-01-04 17:51:25,401 - __main__ - INFO - layer2.0.downsample.1.weight,True
2022-01-04 17:51:25,401 - __main__ - INFO - layer2.0.downsample.1.bias,True
2022-01-04 17:51:25,401 - __main__ - INFO - layer2.1.conv1.weight,True
2022-01-04 17:51:25,401 - __main__ - INFO - layer2.1.bn1.weight,True
2022-01-04 17:51:25,401 - __main__ - INFO - layer2.1.bn1.bias,True
2022-01-04 17:51:25,401 - __main__ - INFO - layer2.1.conv2.weight,True
2022-01-04 17:51:25,401 - __main__ - INFO - layer2.1.bn2.weight,True
2022-01-04 17:51:25,401 - __main__ - INFO - layer2.1.bn2.bias,True
2022-01-04 17:51:25,401 - __main__ - INFO - layer2.2.conv1.weight,True
2022-01-04 17:51:25,401 - __main__ - INFO - layer2.2.bn1.weight,True
2022-01-04 17:51:25,401 - __main__ - INFO - layer2.2.bn1.bias,True
2022-01-04 17:51:25,401 - __main__ - INFO - layer2.2.conv2.weight,True
2022-01-04 17:51:25,401 - __main__ - INFO - layer2.2.bn2.weight,True
2022-01-04 17:51:25,401 - __main__ - INFO - layer2.2.bn2.bias,True
2022-01-04 17:51:25,401 - __main__ - INFO - layer2.3.conv1.weight,True
2022-01-04 17:51:25,401 - __main__ - INFO - layer2.3.bn1.weight,True
2022-01-04 17:51:25,401 - __main__ - INFO - layer2.3.bn1.bias,True
2022-01-04 17:51:25,401 - __main__ - INFO - layer2.3.conv2.weight,True
2022-01-04 17:51:25,401 - __main__ - INFO - layer2.3.bn2.weight,True
2022-01-04 17:51:25,401 - __main__ - INFO - layer2.3.bn2.bias,True
2022-01-04 17:51:25,402 - __main__ - INFO - layer3.0.conv1.weight,True
2022-01-04 17:51:25,402 - __main__ - INFO - layer3.0.bn1.weight,True
2022-01-04 17:51:25,402 - __main__ - INFO - layer3.0.bn1.bias,True
2022-01-04 17:51:25,402 - __main__ - INFO - layer3.0.conv2.weight,True
2022-01-04 17:51:25,402 - __main__ - INFO - layer3.0.bn2.weight,True
2022-01-04 17:51:25,402 - __main__ - INFO - layer3.0.bn2.bias,True
2022-01-04 17:51:25,402 - __main__ - INFO - layer3.0.downsample.0.weight,True
2022-01-04 17:51:25,402 - __main__ - INFO - layer3.0.downsample.1.weight,True
2022-01-04 17:51:25,402 - __main__ - INFO - layer3.0.downsample.1.bias,True
2022-01-04 17:51:25,402 - __main__ - INFO - layer3.1.conv1.weight,True
2022-01-04 17:51:25,402 - __main__ - INFO - layer3.1.bn1.weight,True
2022-01-04 17:51:25,402 - __main__ - INFO - layer3.1.bn1.bias,True
2022-01-04 17:51:25,402 - __main__ - INFO - layer3.1.conv2.weight,True
2022-01-04 17:51:25,402 - __main__ - INFO - layer3.1.bn2.weight,True
2022-01-04 17:51:25,402 - __main__ - INFO - layer3.1.bn2.bias,True
2022-01-04 17:51:25,402 - __main__ - INFO - layer3.2.conv1.weight,True
2022-01-04 17:51:25,402 - __main__ - INFO - layer3.2.bn1.weight,True
2022-01-04 17:51:25,402 - __main__ - INFO - layer3.2.bn1.bias,True
2022-01-04 17:51:25,402 - __main__ - INFO - layer3.2.conv2.weight,True
2022-01-04 17:51:25,402 - __main__ - INFO - layer3.2.bn2.weight,True
2022-01-04 17:51:25,402 - __main__ - INFO - layer3.2.bn2.bias,True
2022-01-04 17:51:25,403 - __main__ - INFO - layer3.3.conv1.weight,True
2022-01-04 17:51:25,403 - __main__ - INFO - layer3.3.bn1.weight,True
2022-01-04 17:51:25,403 - __main__ - INFO - layer3.3.bn1.bias,True
2022-01-04 17:51:25,403 - __main__ - INFO - layer3.3.conv2.weight,True
2022-01-04 17:51:25,403 - __main__ - INFO - layer3.3.bn2.weight,True
2022-01-04 17:51:25,403 - __main__ - INFO - layer3.3.bn2.bias,True
2022-01-04 17:51:25,403 - __main__ - INFO - layer3.4.conv1.weight,True
2022-01-04 17:51:25,403 - __main__ - INFO - layer3.4.bn1.weight,True
2022-01-04 17:51:25,403 - __main__ - INFO - layer3.4.bn1.bias,True
2022-01-04 17:51:25,403 - __main__ - INFO - layer3.4.conv2.weight,True
2022-01-04 17:51:25,403 - __main__ - INFO - layer3.4.bn2.weight,True
2022-01-04 17:51:25,403 - __main__ - INFO - layer3.4.bn2.bias,True
2022-01-04 17:51:25,403 - __main__ - INFO - layer3.5.conv1.weight,True
2022-01-04 17:51:25,403 - __main__ - INFO - layer3.5.bn1.weight,True
2022-01-04 17:51:25,403 - __main__ - INFO - layer3.5.bn1.bias,True
2022-01-04 17:51:25,403 - __main__ - INFO - layer3.5.conv2.weight,True
2022-01-04 17:51:25,403 - __main__ - INFO - layer3.5.bn2.weight,True
2022-01-04 17:51:25,403 - __main__ - INFO - layer3.5.bn2.bias,True
2022-01-04 17:51:25,403 - __main__ - INFO - layer4.0.conv1.weight,True
2022-01-04 17:51:25,403 - __main__ - INFO - layer4.0.bn1.weight,True
2022-01-04 17:51:25,403 - __main__ - INFO - layer4.0.bn1.bias,True
2022-01-04 17:51:25,403 - __main__ - INFO - layer4.0.conv2.weight,True
2022-01-04 17:51:25,404 - __main__ - INFO - layer4.0.bn2.weight,True
2022-01-04 17:51:25,404 - __main__ - INFO - layer4.0.bn2.bias,True
2022-01-04 17:51:25,404 - __main__ - INFO - layer4.0.downsample.0.weight,True
2022-01-04 17:51:25,404 - __main__ - INFO - layer4.0.downsample.1.weight,True
2022-01-04 17:51:25,404 - __main__ - INFO - layer4.0.downsample.1.bias,True
2022-01-04 17:51:25,404 - __main__ - INFO - layer4.1.conv1.weight,True
2022-01-04 17:51:25,404 - __main__ - INFO - layer4.1.bn1.weight,True
2022-01-04 17:51:25,404 - __main__ - INFO - layer4.1.bn1.bias,True
2022-01-04 17:51:25,404 - __main__ - INFO - layer4.1.conv2.weight,True
2022-01-04 17:51:25,404 - __main__ - INFO - layer4.1.bn2.weight,True
2022-01-04 17:51:25,404 - __main__ - INFO - layer4.1.bn2.bias,True
2022-01-04 17:51:25,404 - __main__ - INFO - layer4.2.conv1.weight,True
2022-01-04 17:51:25,404 - __main__ - INFO - layer4.2.bn1.weight,True
2022-01-04 17:51:25,404 - __main__ - INFO - layer4.2.bn1.bias,True
2022-01-04 17:51:25,404 - __main__ - INFO - layer4.2.conv2.weight,True
2022-01-04 17:51:25,404 - __main__ - INFO - layer4.2.bn2.weight,True
2022-01-04 17:51:25,404 - __main__ - INFO - layer4.2.bn2.bias,True
2022-01-04 17:51:25,404 - __main__ - INFO - fc.weight,True
2022-01-04 17:51:25,404 - __main__ - INFO - fc.bias,True
2022-01-04 17:51:27,156 - __main__ - INFO - start training
2022-01-04 17:53:31,252 - __main__ - INFO - use 2 gpus
2022-01-04 17:53:31,252 - __main__ - INFO - args: Namespace(accumulation_steps=1, apex=False, batch_size=128, checkpoints='./checkpoints', epochs=100, evaluate=None, input_image_size=256, log='./log', loss_lambda=10, lr=5e-05, milestones=[30, 60, 90], momentum=0.9, network='resnet34', num_classes=2, num_workers=0, pretrained=True, print_interval=100, resume='./checkpoints/latest.pth', seed=0, test='./checkpoints/latest_pcl_demo.pth', video_test=None, weight_decay=0.0001)
2022-01-04 17:53:31,252 - __main__ - INFO - start loading data
2022-01-04 17:53:31,496 - __main__ - INFO - finish loading data
2022-01-04 17:53:31,496 - __main__ - INFO - creating model 'resnet34'
2022-01-04 17:53:32,002 - __main__ - INFO - model: 'resnet34', flops: 4.828G, params: 21.417M
2022-01-04 17:53:32,002 - __main__ - INFO - conv1.weight,True
2022-01-04 17:53:32,002 - __main__ - INFO - conv2.weight,True
2022-01-04 17:53:32,002 - __main__ - INFO - conv3.weight,True
2022-01-04 17:53:32,002 - __main__ - INFO - bn1.weight,True
2022-01-04 17:53:32,003 - __main__ - INFO - bn1.bias,True
2022-01-04 17:53:32,003 - __main__ - INFO - layer1.0.conv1.weight,True
2022-01-04 17:53:32,003 - __main__ - INFO - layer1.0.bn1.weight,True
2022-01-04 17:53:32,003 - __main__ - INFO - layer1.0.bn1.bias,True
2022-01-04 17:53:32,003 - __main__ - INFO - layer1.0.conv2.weight,True
2022-01-04 17:53:32,003 - __main__ - INFO - layer1.0.bn2.weight,True
2022-01-04 17:53:32,003 - __main__ - INFO - layer1.0.bn2.bias,True
2022-01-04 17:53:32,003 - __main__ - INFO - layer1.1.conv1.weight,True
2022-01-04 17:53:32,003 - __main__ - INFO - layer1.1.bn1.weight,True
2022-01-04 17:53:32,003 - __main__ - INFO - layer1.1.bn1.bias,True
2022-01-04 17:53:32,003 - __main__ - INFO - layer1.1.conv2.weight,True
2022-01-04 17:53:32,003 - __main__ - INFO - layer1.1.bn2.weight,True
2022-01-04 17:53:32,003 - __main__ - INFO - layer1.1.bn2.bias,True
2022-01-04 17:53:32,003 - __main__ - INFO - layer1.2.conv1.weight,True
2022-01-04 17:53:32,003 - __main__ - INFO - layer1.2.bn1.weight,True
2022-01-04 17:53:32,003 - __main__ - INFO - layer1.2.bn1.bias,True
2022-01-04 17:53:32,003 - __main__ - INFO - layer1.2.conv2.weight,True
2022-01-04 17:53:32,003 - __main__ - INFO - layer1.2.bn2.weight,True
2022-01-04 17:53:32,003 - __main__ - INFO - layer1.2.bn2.bias,True
2022-01-04 17:53:32,004 - __main__ - INFO - layer2.0.conv1.weight,True
2022-01-04 17:53:32,004 - __main__ - INFO - layer2.0.bn1.weight,True
2022-01-04 17:53:32,004 - __main__ - INFO - layer2.0.bn1.bias,True
2022-01-04 17:53:32,004 - __main__ - INFO - layer2.0.conv2.weight,True
2022-01-04 17:53:32,004 - __main__ - INFO - layer2.0.bn2.weight,True
2022-01-04 17:53:32,004 - __main__ - INFO - layer2.0.bn2.bias,True
2022-01-04 17:53:32,004 - __main__ - INFO - layer2.0.downsample.0.weight,True
2022-01-04 17:53:32,004 - __main__ - INFO - layer2.0.downsample.1.weight,True
2022-01-04 17:53:32,004 - __main__ - INFO - layer2.0.downsample.1.bias,True
2022-01-04 17:53:32,004 - __main__ - INFO - layer2.1.conv1.weight,True
2022-01-04 17:53:32,004 - __main__ - INFO - layer2.1.bn1.weight,True
2022-01-04 17:53:32,004 - __main__ - INFO - layer2.1.bn1.bias,True
2022-01-04 17:53:32,004 - __main__ - INFO - layer2.1.conv2.weight,True
2022-01-04 17:53:32,004 - __main__ - INFO - layer2.1.bn2.weight,True
2022-01-04 17:53:32,004 - __main__ - INFO - layer2.1.bn2.bias,True
2022-01-04 17:53:32,004 - __main__ - INFO - layer2.2.conv1.weight,True
2022-01-04 17:53:32,004 - __main__ - INFO - layer2.2.bn1.weight,True
2022-01-04 17:53:32,004 - __main__ - INFO - layer2.2.bn1.bias,True
2022-01-04 17:53:32,004 - __main__ - INFO - layer2.2.conv2.weight,True
2022-01-04 17:53:32,004 - __main__ - INFO - layer2.2.bn2.weight,True
2022-01-04 17:53:32,004 - __main__ - INFO - layer2.2.bn2.bias,True
2022-01-04 17:53:32,005 - __main__ - INFO - layer2.3.conv1.weight,True
2022-01-04 17:53:32,005 - __main__ - INFO - layer2.3.bn1.weight,True
2022-01-04 17:53:32,005 - __main__ - INFO - layer2.3.bn1.bias,True
2022-01-04 17:53:32,005 - __main__ - INFO - layer2.3.conv2.weight,True
2022-01-04 17:53:32,005 - __main__ - INFO - layer2.3.bn2.weight,True
2022-01-04 17:53:32,005 - __main__ - INFO - layer2.3.bn2.bias,True
2022-01-04 17:53:32,005 - __main__ - INFO - layer3.0.conv1.weight,True
2022-01-04 17:53:32,005 - __main__ - INFO - layer3.0.bn1.weight,True
2022-01-04 17:53:32,005 - __main__ - INFO - layer3.0.bn1.bias,True
2022-01-04 17:53:32,005 - __main__ - INFO - layer3.0.conv2.weight,True
2022-01-04 17:53:32,008 - __main__ - INFO - layer3.0.bn2.weight,True
2022-01-04 17:53:32,008 - __main__ - INFO - layer3.0.bn2.bias,True
2022-01-04 17:53:32,008 - __main__ - INFO - layer3.0.downsample.0.weight,True
2022-01-04 17:53:32,008 - __main__ - INFO - layer3.0.downsample.1.weight,True
2022-01-04 17:53:32,008 - __main__ - INFO - layer3.0.downsample.1.bias,True
2022-01-04 17:53:32,008 - __main__ - INFO - layer3.1.conv1.weight,True
2022-01-04 17:53:32,008 - __main__ - INFO - layer3.1.bn1.weight,True
2022-01-04 17:53:32,008 - __main__ - INFO - layer3.1.bn1.bias,True
2022-01-04 17:53:32,008 - __main__ - INFO - layer3.1.conv2.weight,True
2022-01-04 17:53:32,008 - __main__ - INFO - layer3.1.bn2.weight,True
2022-01-04 17:53:32,009 - __main__ - INFO - layer3.1.bn2.bias,True
2022-01-04 17:53:32,009 - __main__ - INFO - layer3.2.conv1.weight,True
2022-01-04 17:53:32,009 - __main__ - INFO - layer3.2.bn1.weight,True
2022-01-04 17:53:32,009 - __main__ - INFO - layer3.2.bn1.bias,True
2022-01-04 17:53:32,009 - __main__ - INFO - layer3.2.conv2.weight,True
2022-01-04 17:53:32,009 - __main__ - INFO - layer3.2.bn2.weight,True
2022-01-04 17:53:32,009 - __main__ - INFO - layer3.2.bn2.bias,True
2022-01-04 17:53:32,009 - __main__ - INFO - layer3.3.conv1.weight,True
2022-01-04 17:53:32,009 - __main__ - INFO - layer3.3.bn1.weight,True
2022-01-04 17:53:32,009 - __main__ - INFO - layer3.3.bn1.bias,True
2022-01-04 17:53:32,009 - __main__ - INFO - layer3.3.conv2.weight,True
2022-01-04 17:53:32,009 - __main__ - INFO - layer3.3.bn2.weight,True
2022-01-04 17:53:32,009 - __main__ - INFO - layer3.3.bn2.bias,True
2022-01-04 17:53:32,009 - __main__ - INFO - layer3.4.conv1.weight,True
2022-01-04 17:53:32,009 - __main__ - INFO - layer3.4.bn1.weight,True
2022-01-04 17:53:32,009 - __main__ - INFO - layer3.4.bn1.bias,True
2022-01-04 17:53:32,009 - __main__ - INFO - layer3.4.conv2.weight,True
2022-01-04 17:53:32,009 - __main__ - INFO - layer3.4.bn2.weight,True
2022-01-04 17:53:32,009 - __main__ - INFO - layer3.4.bn2.bias,True
2022-01-04 17:53:32,009 - __main__ - INFO - layer3.5.conv1.weight,True
2022-01-04 17:53:32,009 - __main__ - INFO - layer3.5.bn1.weight,True
2022-01-04 17:53:32,010 - __main__ - INFO - layer3.5.bn1.bias,True
2022-01-04 17:53:32,010 - __main__ - INFO - layer3.5.conv2.weight,True
2022-01-04 17:53:32,010 - __main__ - INFO - layer3.5.bn2.weight,True
2022-01-04 17:53:32,010 - __main__ - INFO - layer3.5.bn2.bias,True
2022-01-04 17:53:32,010 - __main__ - INFO - layer4.0.conv1.weight,True
2022-01-04 17:53:32,010 - __main__ - INFO - layer4.0.bn1.weight,True
2022-01-04 17:53:32,010 - __main__ - INFO - layer4.0.bn1.bias,True
2022-01-04 17:53:32,010 - __main__ - INFO - layer4.0.conv2.weight,True
2022-01-04 17:53:32,010 - __main__ - INFO - layer4.0.bn2.weight,True
2022-01-04 17:53:32,010 - __main__ - INFO - layer4.0.bn2.bias,True
2022-01-04 17:53:32,010 - __main__ - INFO - layer4.0.downsample.0.weight,True
2022-01-04 17:53:32,010 - __main__ - INFO - layer4.0.downsample.1.weight,True
2022-01-04 17:53:32,010 - __main__ - INFO - layer4.0.downsample.1.bias,True
2022-01-04 17:53:32,010 - __main__ - INFO - layer4.1.conv1.weight,True
2022-01-04 17:53:32,010 - __main__ - INFO - layer4.1.bn1.weight,True
2022-01-04 17:53:32,010 - __main__ - INFO - layer4.1.bn1.bias,True
2022-01-04 17:53:32,010 - __main__ - INFO - layer4.1.conv2.weight,True
2022-01-04 17:53:32,010 - __main__ - INFO - layer4.1.bn2.weight,True
2022-01-04 17:53:32,010 - __main__ - INFO - layer4.1.bn2.bias,True
2022-01-04 17:53:32,010 - __main__ - INFO - layer4.2.conv1.weight,True
2022-01-04 17:53:32,010 - __main__ - INFO - layer4.2.bn1.weight,True
2022-01-04 17:53:32,010 - __main__ - INFO - layer4.2.bn1.bias,True
2022-01-04 17:53:32,011 - __main__ - INFO - layer4.2.conv2.weight,True
2022-01-04 17:53:32,011 - __main__ - INFO - layer4.2.bn2.weight,True
2022-01-04 17:53:32,011 - __main__ - INFO - layer4.2.bn2.bias,True
2022-01-04 17:53:32,011 - __main__ - INFO - fc.weight,True
2022-01-04 17:53:32,011 - __main__ - INFO - fc.bias,True
2022-01-04 17:53:33,775 - __main__ - INFO - start only evaluating
2022-01-04 17:53:33,775 - __main__ - INFO - start resuming model from ./checkpoints/latest_pcl_demo.pth
